A51 MACRO ASSEMBLER  LAB2B                                                                01/29/2026 12:29:58 PAGE     1


MACRO ASSEMBLER A51 V8.02b
OBJECT MODULE PLACED IN lab2b.OBJ
ASSEMBLER INVOKED BY: C:\Keil\C51\BIN\A51.EXE lab2b.asm SET(SMALL) DEBUG EP

LOC  OBJ            LINE     SOURCE

0000                   1     ORG 0000H
0000 7830              2     MOV R0, #30H
0002 7A10              3     MOV R2, #10H
0004 74FF              4     MOV A, #0FFH
                       5     
0006                   6     FILL_LOOP:
0006 F6                7     MOV@R0, A
0007 08                8     INC R0
0008 DAFC              9     DJNZ R2, FILL_LOOP
                      10     
                      11     END
A51 MACRO ASSEMBLER  LAB2B                                                                01/29/2026 12:29:58 PAGE     2

SYMBOL TABLE LISTING
------ ----- -------


N A M E             T Y P E  V A L U E   ATTRIBUTES

FILL_LOOP. . . . .  C ADDR   0006H   A   


REGISTER BANK(S) USED: 0 


ASSEMBLY COMPLETE.  0 WARNING(S), 0 ERROR(S)
