A51 MACRO ASSEMBLER  LAB3A                                                                01/29/2026 12:35:32 PAGE     1


MACRO ASSEMBLER A51 V8.02b
OBJECT MODULE PLACED IN lab3a.OBJ
ASSEMBLER INVOKED BY: C:\Keil\C51\BIN\A51.EXE lab3a.asm SET(SMALL) DEBUG EP

LOC  OBJ            LINE     SOURCE

0000                   1     ORG 0000H
0000 7860              2     MOV R0,#60H
0002 7940              3     MOV R1,#40H
0004 7A20              4     MOV R2,#20H
                       5     
0006                   6     FILL_LOOP:
0006 E6                7     MOV A,@R0
0007 F7                8     MOV @R1,A
0008 08                9     INC R0
0009 09               10     INC R1
000A DAFA             11     DJNZ R2, FILL_LOOP
                      12     
                      13     END
A51 MACRO ASSEMBLER  LAB3A                                                                01/29/2026 12:35:32 PAGE     2

SYMBOL TABLE LISTING
------ ----- -------


N A M E             T Y P E  V A L U E   ATTRIBUTES

FILL_LOOP. . . . .  C ADDR   0006H   A   


REGISTER BANK(S) USED: 0 


ASSEMBLY COMPLETE.  0 WARNING(S), 0 ERROR(S)
